[17:17:39] [ServerMain/INFO]: Environment: Environment[sessionHost=https://sessionserver.mojang.com, servicesHost=https://api.minecraftservices.com, profilesHost=https://api.mojang.com, name=PROD]
[17:17:43] [ServerMain/INFO]: Loaded 1461 recipes
[17:17:43] [ServerMain/INFO]: Loaded 1574 advancements
[17:17:43] [Server thread/INFO]: Starting minecraft server version 1.21.10
[17:17:43] [Server thread/INFO]: Loading properties
[17:17:43] [Server thread/INFO]: Default game type: SURVIVAL
[17:17:43] [Server thread/INFO]: Generating keypair
[17:17:43] [Server thread/INFO]: Starting Minecraft server on *:25565
[17:17:43] [Server thread/INFO]: Using epoll channel type
[17:17:43] [Server thread/WARN]: **** SERVER IS RUNNING IN OFFLINE/INSECURE MODE!
[17:17:43] [Server thread/WARN]: The server will make no attempt to authenticate usernames. Beware.
[17:17:43] [Server thread/WARN]: While this makes the game possible to play without internet access, it also opens up the ability for hackers to connect with any username they choose.
[17:17:43] [Server thread/WARN]: To change this, set "online-mode" to "true" in the server.properties file.
[17:17:43] [Server thread/INFO]: Preparing level "world"
[17:17:44] [Server thread/INFO]: Loading 0 persistent chunks...
[17:17:44] [Server thread/INFO]: Preparing spawn area: 100%
[17:17:44] [Server thread/INFO]: Time elapsed: 16 ms
[17:17:44] [Server thread/INFO]: Done (0.520s)! For help, type "help"
[17:18:24] [Server thread/INFO]: IthzRocio[/127.176.141.47:60527] logged in with entity id 69 at (489.320190991847, 112.0, 74.66018151139404)
[17:18:24] [Server thread/INFO]: IthzRocio joined the game
[17:30:13] [Server thread/INFO]: You whisper to IthzRocio: ostia 游딖游
[17:38:34] [Server thread/INFO]: IthzRocio lost connection: Disconnected
[17:38:34] [Server thread/INFO]: IthzRocio left the game
[17:39:34] [Server thread/INFO]: Server empty for 60 seconds, pausing
[17:42:10] [Server thread/INFO]: IthzRocio[/127.176.141.47:46487] logged in with entity id 2614 at (472.6135365188472, 111.0, 87.09705194613491)
[17:42:10] [Server thread/INFO]: IthzRocio joined the game
[17:46:21] [Server thread/INFO]: You whisper to IthzRocio: ostia 游딖游
[17:59:47] [Server thread/INFO]: [Not Secure] <IthzRocio> aweno
[18:08:23] [Server thread/INFO]: Gave 8 [Diamond Shovel] to IthzRocio
[19:21:03] [Server thread/INFO]: IthzRocio lost connection: Disconnected
[19:21:03] [Server thread/INFO]: IthzRocio left the game
[19:21:08] [Server thread/INFO]: IthzRocio[/127.176.141.47:53887] logged in with entity id 16941 at (471.4360925945106, 111.0, 87.48719020280558)
[19:21:08] [Server thread/INFO]: IthzRocio joined the game
[19:58:17] [Server thread/INFO]: IthzRocio has made the advancement [Not Today, Thank You]
[20:36:46] [Server thread/INFO]: Miguel024[/127.182.128.67:50897] logged in with entity id 31564 at (489.19896954617036, 112.0, 73.96121629106963)
[20:36:46] [Server thread/INFO]: Miguel024 joined the game
[20:37:48] [Server thread/INFO]: Miguel024 was doomed to fall by Piglin
[20:38:09] [Server thread/INFO]: [Miguel024: Set own game mode to Creative Mode]
[20:38:10] [Server thread/INFO]: [Miguel024: Set own game mode to Survival Mode]
[20:38:22] [Server thread/INFO]: [Miguel024: Set own game mode to Spectator Mode]
[20:38:29] [Server thread/INFO]: [Miguel024: Set own game mode to Survival Mode]
[20:39:07] [Server thread/INFO]: [Miguel024: Set own game mode to Spectator Mode]
[20:39:12] [Server thread/INFO]: [Miguel024: Set own game mode to Survival Mode]
[20:39:31] [Server thread/INFO]: [Miguel024: Set own game mode to Spectator Mode]
[20:39:33] [Server thread/INFO]: [Miguel024: Set own game mode to Survival Mode]
[20:40:56] [Server thread/INFO]: [Miguel024: Set own game mode to Spectator Mode]
[20:41:03] [Server thread/INFO]: [Miguel024: Set own game mode to Survival Mode]
[20:41:11] [Server thread/INFO]: [Miguel024: Set own game mode to Spectator Mode]
[20:41:48] [Server thread/INFO]: [Miguel024: Set own game mode to Survival Mode]
[20:43:38] [Server thread/INFO]: [Miguel024: Set own game mode to Spectator Mode]
[20:43:44] [Server thread/INFO]: [Miguel024: Set own game mode to Survival Mode]
[20:43:47] [Server thread/INFO]: [Miguel024: Set own game mode to Spectator Mode]
[20:44:07] [Server thread/INFO]: [Miguel024: Set own game mode to Survival Mode]
[20:45:44] [Server thread/INFO]: [Miguel024: Teleported Miguel024 to -335.500000, 74.000000, -1007.500000]
[20:45:47] [Server thread/WARN]: Miguel024 moved too quickly! 0.0,-10.806526110008988,0.0
[20:45:47] [Server thread/WARN]: Can't keep up! Is the server overloaded? Running 2553ms or 51 ticks behind
[20:45:47] [Server thread/INFO]: Miguel024 has made the advancement [Those Were the Days]
[20:46:18] [Server thread/INFO]: [Miguel024: Set own game mode to Spectator Mode]
[20:46:19] [Server thread/INFO]: [Miguel024: Set own game mode to Creative Mode]
[20:46:20] [Server thread/INFO]: Miguel024 has made the advancement [Hot Stuff]
[20:46:27] [Server thread/INFO]: [Miguel024: Set own game mode to Spectator Mode]
[20:46:28] [Server thread/INFO]: [Miguel024: Set own game mode to Survival Mode]
[20:48:03] [Server thread/INFO]: Miguel024 has made the advancement [War Pigs]
[20:50:44] [Server thread/INFO]: Miguel024 has made the advancement [Hidden in the Depths]
[20:57:58] [Server thread/INFO]: [Miguel024: Set own game mode to Spectator Mode]
[20:57:59] [Server thread/INFO]: [Miguel024: Set own game mode to Creative Mode]
[20:58:44] [Server thread/INFO]: [Miguel024: Set own game mode to Spectator Mode]
[20:58:46] [Server thread/INFO]: [Miguel024: Set own game mode to Survival Mode]
[20:59:52] [Server thread/INFO]: [Miguel024: Set own game mode to Spectator Mode]
[20:59:55] [Server thread/INFO]: [Miguel024: Set own game mode to Creative Mode]
[21:00:17] [Server thread/INFO]: [Miguel024: Set own game mode to Spectator Mode]
[21:00:19] [Server thread/INFO]: [Miguel024: Set own game mode to Survival Mode]
[21:14:30] [Server thread/INFO]: Miguel024 was shot by Piglin
[21:14:56] [Server thread/INFO]: [Miguel024: Set own game mode to Spectator Mode]
[21:14:57] [Server thread/INFO]: [Miguel024: Set own game mode to Survival Mode]
[21:15:03] [Server thread/INFO]: [Not Secure] <Miguel024> oloa
[21:15:06] [Server thread/INFO]: [Not Secure] <Miguel024> me mori
[21:15:13] [Server thread/INFO]: [Not Secure] <Miguel024> ostia
[21:15:22] [Server thread/INFO]: [Not Secure] <Miguel024> una esmeralda
[21:15:29] [Server thread/INFO]: [Not Secure] <Miguel024> en las monta침as siempre aparece
[21:15:32] [Server thread/INFO]: [Not Secure] <Miguel024> uno 9
[21:15:38] [Server thread/INFO]: [Not Secure] <Miguel024> uno o 9*
[21:16:12] [Server thread/INFO]: [Miguel024: Set own game mode to Spectator Mode]
[21:16:13] [Server thread/INFO]: [Miguel024: Set own game mode to Survival Mode]
[21:16:30] [Server thread/INFO]: [Not Secure] <Miguel024> ire a ba침arme
[21:16:48] [Server thread/INFO]: [Not Secure] <Miguel024> me estan gritando desde la sala q m ba침e xd
[21:16:55] [Server thread/INFO]: [Not Secure] <Miguel024> me ba침e literalmente dps de levantarme
[21:16:56] [Server thread/INFO]: [Not Secure] <Miguel024> joder
[21:17:22] [Server thread/INFO]: [Not Secure] <Miguel024> pero la gritan como si oliera a mrd cocinada
[21:17:23] [Server thread/INFO]: [Not Secure] <Miguel024> T T
[21:17:54] [Server thread/INFO]: [Not Secure] <Miguel024> ten :3
[21:18:10] [Server thread/INFO]: [Not Secure] <Miguel024> te amp
[21:18:15] [Server thread/INFO]: [Not Secure] <Miguel024> te amo te amo te amo te amo te amo te amo te amo te amo te amo te amo te amo te amo te amo te amo te amo
[21:18:24] [Server thread/INFO]: [Not Secure] <Miguel024> me ire saliendo
[21:18:26] [Server thread/INFO]: [Not Secure] <Miguel024> te amo te amo te amo te amo te amo
[21:18:40] [Server thread/INFO]: [Not Secure] <Miguel024> bechito
[21:19:02] [Server thread/INFO]: Miguel024 lost connection: Disconnected
[21:19:02] [Server thread/INFO]: Miguel024 left the game
